# JRE version: Java(TM) SE Runtime Environment (17.0.6+9) (build 17.0.6+9-LTS-190)
# Java VM: Java HotSpot(TM) 64-Bit Server VM (17.0.6+9-LTS-190, mixed mode, sharing, tiered, compressed oops, compressed class ptrs, g1 gc, linux-amd64)
GC Precious Log:
 CPUs: 12 total, 12 available
 Memory: 31899M
 Large Page Support: Disabled
 NUMA Support: Disabled
 Compressed Oops: Enabled (Zero based)
 Heap Region Size: 4M
 Heap Min Capacity: 8M
 Heap Initial Capacity: 500M
 Heap Max Capacity: 7976M
 Pre-touch: Disabled
 Parallel Workers: 10
 Concurrent Workers: 3
 Concurrent Refinement Workers: 10
 Periodic GC: Disabled
Heap:
 garbage-first heap   total 98304K, used 68776K [0x000000060d800000, 0x0000000800000000)
  region size 4096K, 10 young (40960K), 1 survivors (4096K)
 Metaspace       used 69884K, committed 70464K, reserved 1114112K
  class space    used 9627K, committed 9920K, reserved 1048576K
GC Heap History (20 events):
Event: 1,078 GC heap after
{Heap after GC invocations=2 (full 0):
 garbage-first heap   total 520192K, used 11985K [0x000000060d800000, 0x0000000800000000)
  region size 4096K, 1 young (4096K), 1 survivors (4096K)
 Metaspace       used 10771K, committed 10944K, reserved 1064960K
  class space    used 1335K, committed 1408K, reserved 1048576K
}
Event: 1,777 GC heap before
{Heap before GC invocations=2 (full 0):
 garbage-first heap   total 520192K, used 57041K [0x000000060d800000, 0x0000000800000000)
  region size 4096K, 12 young (49152K), 1 survivors (4096K)
 Metaspace       used 19358K, committed 19584K, reserved 1073152K
  class space    used 2389K, committed 2496K, reserved 1048576K
}
Event: 1,782 GC heap after
{Heap after GC invocations=3 (full 0):
 garbage-first heap   total 520192K, used 16399K [0x000000060d800000, 0x0000000800000000)
  region size 4096K, 2 young (8192K), 2 survivors (8192K)
 Metaspace       used 19358K, committed 19584K, reserved 1073152K
  class space    used 2389K, committed 2496K, reserved 1048576K
}
Event: 2,120 GC heap before
{Heap before GC invocations=3 (full 0):
 garbage-first heap   total 520192K, used 32783K [0x000000060d800000, 0x0000000800000000)
  region size 4096K, 7 young (28672K), 2 survivors (8192K)
 Metaspace       used 21305K, committed 21504K, reserved 1073152K
  class space    used 2640K, committed 2752K, reserved 1048576K
}
Event: 2,139 GC heap after
{Heap after GC invocations=4 (full 0):
 garbage-first heap   total 520192K, used 17222K [0x000000060d800000, 0x0000000800000000)
  region size 4096K, 2 young (8192K), 2 survivors (8192K)
 Metaspace       used 21305K, committed 21504K, reserved 1073152K
  class space    used 2640K, committed 2752K, reserved 1048576K
}
Event: 3,051 GC heap before
{Heap before GC invocations=5 (full 0):
 garbage-first heap   total 98304K, used 66374K [0x000000060d800000, 0x0000000800000000)
  region size 4096K, 14 young (57344K), 2 survivors (8192K)
 Metaspace       used 29353K, committed 29760K, reserved 1081344K
  class space    used 3737K, committed 3904K, reserved 1048576K
}
Event: 3,065 GC heap after
{Heap after GC invocations=6 (full 0):
 garbage-first heap   total 98304K, used 21485K [0x000000060d800000, 0x0000000800000000)
  region size 4096K, 2 young (8192K), 2 survivors (8192K)
 Metaspace       used 29353K, committed 29760K, reserved 1081344K
  class space    used 3737K, committed 3904K, reserved 1048576K
}
Event: 3,708 GC heap before
{Heap before GC invocations=6 (full 0):
 garbage-first heap   total 98304K, used 54253K [0x000000060d800000, 0x0000000800000000)
  region size 4096K, 11 young (45056K), 2 survivors (8192K)
 Metaspace       used 35688K, committed 36096K, reserved 1081344K
  class space    used 4538K, committed 4736K, reserved 1048576K
}
Event: 3,713 GC heap after
{Heap after GC invocations=7 (full 0):
 garbage-first heap   total 98304K, used 23849K [0x000000060d800000, 0x0000000800000000)
  region size 4096K, 2 young (8192K), 2 survivors (8192K)
 Metaspace       used 35688K, committed 36096K, reserved 1081344K
  class space    used 4538K, committed 4736K, reserved 1048576K
}
Event: 4,491 GC heap before
{Heap before GC invocations=8 (full 0):
 garbage-first heap   total 98304K, used 64809K [0x000000060d800000, 0x0000000800000000)
  region size 4096K, 12 young (49152K), 2 survivors (8192K)
 Metaspace       used 45747K, committed 46208K, reserved 1089536K
  class space    used 6019K, committed 6208K, reserved 1048576K
}
Event: 4,497 GC heap after
{Heap after GC invocations=9 (full 0):
 garbage-first heap   total 98304K, used 25625K [0x000000060d800000, 0x0000000800000000)
  region size 4096K, 2 young (8192K), 2 survivors (8192K)
 Metaspace       used 45747K, committed 46208K, reserved 1089536K
  class space    used 6019K, committed 6208K, reserved 1048576K
}
Event: 5,222 GC heap before
{Heap before GC invocations=9 (full 0):
 garbage-first heap   total 98304K, used 62489K [0x000000060d800000, 0x0000000800000000)
  region size 4096K, 11 young (45056K), 2 survivors (8192K)
 Metaspace       used 54856K, committed 55360K, reserved 1097728K
  class space    used 7495K, committed 7744K, reserved 1048576K
}
Event: 5,228 GC heap after
{Heap after GC invocations=10 (full 0):
 garbage-first heap   total 98304K, used 27019K [0x000000060d800000, 0x0000000800000000)
  region size 4096K, 2 young (8192K), 2 survivors (8192K)
 Metaspace       used 54856K, committed 55360K, reserved 1097728K
  class space    used 7495K, committed 7744K, reserved 1048576K
}
Event: 5,958 GC heap before
{Heap before GC invocations=10 (full 0):
 garbage-first heap   total 98304K, used 59787K [0x000000060d800000, 0x0000000800000000)
  region size 4096K, 11 young (45056K), 2 survivors (8192K)
 Metaspace       used 59980K, committed 60544K, reserved 1105920K
  class space    used 8236K, committed 8512K, reserved 1048576K
}
Event: 5,965 GC heap after
{Heap after GC invocations=11 (full 0):
 garbage-first heap   total 98304K, used 29240K [0x000000060d800000, 0x0000000800000000)
  region size 4096K, 2 young (8192K), 2 survivors (8192K)
 Metaspace       used 59980K, committed 60544K, reserved 1105920K
  class space    used 8236K, committed 8512K, reserved 1048576K
}
Event: 5,988 GC heap before
{Heap before GC invocations=11 (full 0):
 garbage-first heap   total 98304K, used 29240K [0x000000060d800000, 0x0000000800000000)
  region size 4096K, 3 young (12288K), 2 survivors (8192K)
 Metaspace       used 60113K, committed 60608K, reserved 1105920K
  class space    used 8249K, committed 8512K, reserved 1048576K
}
Event: 5,993 GC heap after
{Heap after GC invocations=12 (full 0):
 garbage-first heap   total 98304K, used 29481K [0x000000060d800000, 0x0000000800000000)
  region size 4096K, 2 young (8192K), 2 survivors (8192K)
 Metaspace       used 60113K, committed 60608K, reserved 1105920K
  class space    used 8249K, committed 8512K, reserved 1048576K
}
Event: 46,545 GC heap before
{Heap before GC invocations=13 (full 0):
 garbage-first heap   total 98304K, used 66345K [0x000000060d800000, 0x0000000800000000)
  region size 4096K, 11 young (45056K), 2 survivors (8192K)
 Metaspace       used 64308K, committed 64832K, reserved 1105920K
  class space    used 8889K, committed 9152K, reserved 1048576K
}
Event: 46,549 GC heap after
{Heap after GC invocations=14 (full 0):
 garbage-first heap   total 98304K, used 31912K [0x000000060d800000, 0x0000000800000000)
  region size 4096K, 2 young (8192K), 2 survivors (8192K)
 Metaspace       used 64308K, committed 64832K, reserved 1105920K
  class space    used 8889K, committed 9152K, reserved 1048576K
}
Event: 967,800 GC heap before
{Heap before GC invocations=14 (full 0):
 garbage-first heap   total 98304K, used 68776K [0x000000060d800000, 0x0000000800000000)
  region size 4096K, 11 young (45056K), 2 survivors (8192K)
 Metaspace       used 69884K, committed 70464K, reserved 1114112K
  class space    used 9627K, committed 9920K, reserved 1048576K
}

